<?xml version="1.0" encoding="UTF-8"?>
<!-- Generated by org.testng.reporters.JUnitXMLReporter -->
<testsuite hostname="MrSingh-PC" name="Sample test" tests="2" failures="1" timestamp="1 Jun 2016 21:04:31 GMT" time="0.037" errors="0">
  <testcase name="test_a" time="0.013" classname="mypackage.Reporting"/>
  <testcase name="test_b" time="0.004" classname="mypackage.Reporting">
    <failure type="java.lang.AssertionError" message="expected [facs] but found [qwerty]">
      <![CDATA[java.lang.AssertionError: expected [facs] but found [qwerty]
	at mypackage.Reporting.test_b(Reporting.java:18)
... Removed 28 stack frames]]>
    </failure>
  </testcase> <!-- test_b -->
</testsuite> <!-- Sample test -->
